2023-03-15 16:50:34,589 [Worker-0: Loading available Gradle versions] INFO  o.e.b.c.i.u.g.PublishedGradleVersions - Gradle version information cache is up-to-date. Trying to read.
2023-03-15 16:51:00,416 [Worker-11: Importing Maven projects] INFO  o.e.m.c.i.l.LifecycleMappingFactory - Using org.eclipse.m2e.jdt.JarLifecycleMapping lifecycle mapping for MavenProject: com.huru:service:0.0.1-SNAPSHOT @ C:\Users\Rishivendra Gupta\eclipse-workspace-project\admin\service\pom.xml.
2023-03-15 16:51:01,005 [Worker-11: Importing Maven projects] INFO  o.e.m.c.i.p.WorkspaceClassifierResolverManager - Resolving P/repository: com.huru:repository:0.0.1-SNAPSHOT with classifier  to /repository/target/classes
2023-03-15 16:51:01,065 [Worker-11: Importing Maven projects] INFO  o.e.m.c.i.p.WorkspaceClassifierResolverManager - Resolving P/exceptionhandler: com.huru:exceptionhandler:0.0.1-SNAPSHOT with classifier  to /exceptionhandler/target/classes
2023-03-15 16:51:01,217 [Worker-11: Importing Maven projects] INFO  o.e.m.c.i.l.LifecycleMappingFactory - Using org.eclipse.m2e.jdt.JarLifecycleMapping lifecycle mapping for MavenProject: com.huru:controller:0.0.1-SNAPSHOT @ C:\Users\Rishivendra Gupta\eclipse-workspace-project\admin\controller\pom.xml.
2023-03-15 16:51:01,443 [Worker-11: Importing Maven projects] INFO  o.e.m.c.i.p.WorkspaceClassifierResolverManager - Resolving P/service: com.huru:service:0.0.1-SNAPSHOT with classifier  to /service/target/classes
2023-03-15 16:51:01,445 [Worker-11: Importing Maven projects] INFO  o.e.m.c.i.p.WorkspaceClassifierResolverManager - Resolving P/repository: com.huru:repository:0.0.1-SNAPSHOT with classifier  to /repository/target/classes
2023-03-15 16:51:01,454 [Worker-11: Importing Maven projects] INFO  o.e.m.c.i.p.WorkspaceClassifierResolverManager - Resolving P/exceptionhandler: com.huru:exceptionhandler:0.0.1-SNAPSHOT with classifier  to /exceptionhandler/target/classes
2023-03-15 16:51:01,618 [Worker-11: Importing Maven projects] INFO  o.e.m.c.i.l.LifecycleMappingFactory - Using org.eclipse.m2e.jdt.JarLifecycleMapping lifecycle mapping for MavenProject: com.huru:repository:0.0.1-SNAPSHOT @ C:\Users\Rishivendra Gupta\eclipse-workspace-project\admin\repository\pom.xml.
2023-03-15 16:51:01,657 [Worker-11: Importing Maven projects] WARN  o.e.m.c.i.embedder.EclipseLogger - The artifact mysql:mysql-connector-java:jar:8.0.32 has been relocated to com.mysql:mysql-connector-j:jar:8.0.32: MySQL Connector/J artifacts moved to reverse-DNS compliant Maven 2+ coordinates.
2023-03-15 16:51:01,808 [Worker-11: Importing Maven projects] INFO  o.e.m.c.i.l.LifecycleMappingFactory - Using org.eclipse.m2e.jdt.JarLifecycleMapping lifecycle mapping for MavenProject: com.huru:exceptionhandler:0.0.1-SNAPSHOT @ C:\Users\Rishivendra Gupta\eclipse-workspace-project\admin\exceptionhandler\pom.xml.
2023-03-15 16:51:01,976 [Worker-11: Importing Maven projects] INFO  o.e.m.c.i.l.LifecycleMappingFactory - Using org.eclipse.m2e.jdt.JarLifecycleMapping lifecycle mapping for MavenProject: com.huru:controller:0.0.1-SNAPSHOT @ C:\Users\Rishivendra Gupta\eclipse-workspace-project\admin\controller\pom.xml.
2023-03-15 16:51:02,038 [Worker-11: Importing Maven projects] INFO  o.e.m.c.i.p.WorkspaceClassifierResolverManager - Resolving P/service: com.huru:service:0.0.1-SNAPSHOT with classifier  to /service/target/classes
2023-03-15 16:51:02,040 [Worker-11: Importing Maven projects] INFO  o.e.m.c.i.p.WorkspaceClassifierResolverManager - Resolving P/repository: com.huru:repository:0.0.1-SNAPSHOT with classifier  to /repository/target/classes
2023-03-15 16:51:02,049 [Worker-11: Importing Maven projects] INFO  o.e.m.c.i.p.WorkspaceClassifierResolverManager - Resolving P/exceptionhandler: com.huru:exceptionhandler:0.0.1-SNAPSHOT with classifier  to /exceptionhandler/target/classes
2023-03-15 16:51:02,170 [Worker-11: Importing Maven projects] INFO  o.e.m.c.i.l.LifecycleMappingFactory - Using org.eclipse.m2e.jdt.JarLifecycleMapping lifecycle mapping for MavenProject: com.huru:service:0.0.1-SNAPSHOT @ C:\Users\Rishivendra Gupta\eclipse-workspace-project\admin\service\pom.xml.
2023-03-15 16:51:02,209 [Worker-11: Importing Maven projects] INFO  o.e.m.c.i.p.WorkspaceClassifierResolverManager - Resolving P/repository: com.huru:repository:0.0.1-SNAPSHOT with classifier  to /repository/target/classes
2023-03-15 16:51:02,220 [Worker-11: Importing Maven projects] INFO  o.e.m.c.i.p.WorkspaceClassifierResolverManager - Resolving P/exceptionhandler: com.huru:exceptionhandler:0.0.1-SNAPSHOT with classifier  to /exceptionhandler/target/classes
2023-03-15 16:51:02,398 [Worker-11: Importing Maven projects] INFO  o.e.m.c.i.l.LifecycleMappingFactory - Using org.eclipse.m2e.jdt.JarLifecycleMapping lifecycle mapping for MavenProject: com.huru:controller:0.0.1-SNAPSHOT @ C:\Users\Rishivendra Gupta\eclipse-workspace-project\admin\controller\pom.xml.
2023-03-15 16:51:02,482 [Worker-11: Importing Maven projects] INFO  o.e.m.c.i.p.WorkspaceClassifierResolverManager - Resolving P/service: com.huru:service:0.0.1-SNAPSHOT with classifier  to /service/target/classes
2023-03-15 16:51:02,484 [Worker-11: Importing Maven projects] INFO  o.e.m.c.i.p.WorkspaceClassifierResolverManager - Resolving P/repository: com.huru:repository:0.0.1-SNAPSHOT with classifier  to /repository/target/classes
2023-03-15 16:51:02,493 [Worker-11: Importing Maven projects] INFO  o.e.m.c.i.p.WorkspaceClassifierResolverManager - Resolving P/exceptionhandler: com.huru:exceptionhandler:0.0.1-SNAPSHOT with classifier  to /exceptionhandler/target/classes
2023-03-15 16:51:05,964 [Worker-11: Importing Maven projects] INFO  o.e.m.j.i.AbstractJavaProjectConfigurator - Adding source folder /repository/src/main/java
2023-03-15 16:51:05,965 [Worker-11: Importing Maven projects] INFO  o.e.m.j.i.AbstractJavaProjectConfigurator - Adding resource folder /repository/src/main/resources
2023-03-15 16:51:05,966 [Worker-11: Importing Maven projects] INFO  o.e.m.j.i.AbstractJavaProjectConfigurator - Adding resource folder /repository/src/main/resources
2023-03-15 16:51:05,968 [Worker-11: Importing Maven projects] INFO  o.e.m.j.i.AbstractJavaProjectConfigurator - Adding source folder /repository/src/test/java
2023-03-15 16:51:05,968 [Worker-11: Importing Maven projects] INFO  o.e.m.j.i.AbstractJavaProjectConfigurator - Adding resource folder /repository/src/test/resources
2023-03-15 16:51:06,510 [Worker-11: Importing Maven projects] INFO  o.e.m.j.i.AbstractJavaProjectConfigurator - Adding source folder /exceptionhandler/src/main/java
2023-03-15 16:51:06,511 [Worker-11: Importing Maven projects] INFO  o.e.m.j.i.AbstractJavaProjectConfigurator - Adding resource folder /exceptionhandler/src/main/resources
2023-03-15 16:51:06,512 [Worker-11: Importing Maven projects] INFO  o.e.m.j.i.AbstractJavaProjectConfigurator - Adding resource folder /exceptionhandler/src/main/resources
2023-03-15 16:51:06,513 [Worker-11: Importing Maven projects] INFO  o.e.m.j.i.AbstractJavaProjectConfigurator - Adding source folder /exceptionhandler/src/test/java
2023-03-15 16:51:06,513 [Worker-11: Importing Maven projects] INFO  o.e.m.j.i.AbstractJavaProjectConfigurator - Adding resource folder /exceptionhandler/src/test/resources
2023-03-15 16:51:06,767 [Worker-11: Importing Maven projects] INFO  o.e.m.j.i.AbstractJavaProjectConfigurator - Adding source folder /service/src/main/java
2023-03-15 16:51:06,768 [Worker-11: Importing Maven projects] INFO  o.e.m.j.i.AbstractJavaProjectConfigurator - Adding resource folder /service/src/main/resources
2023-03-15 16:51:06,769 [Worker-11: Importing Maven projects] INFO  o.e.m.j.i.AbstractJavaProjectConfigurator - Adding resource folder /service/src/main/resources
2023-03-15 16:51:06,771 [Worker-11: Importing Maven projects] INFO  o.e.m.j.i.AbstractJavaProjectConfigurator - Adding source folder /service/src/test/java
2023-03-15 16:51:06,771 [Worker-11: Importing Maven projects] INFO  o.e.m.j.i.AbstractJavaProjectConfigurator - Adding resource folder /service/src/test/resources
2023-03-15 16:51:07,152 [Worker-11: Importing Maven projects] INFO  o.e.m.j.i.AbstractJavaProjectConfigurator - Adding source folder /controller/src/main/java
2023-03-15 16:51:07,152 [Worker-11: Importing Maven projects] INFO  o.e.m.j.i.AbstractJavaProjectConfigurator - Adding resource folder /controller/src/main/resources
2023-03-15 16:51:07,153 [Worker-11: Importing Maven projects] INFO  o.e.m.j.i.AbstractJavaProjectConfigurator - Adding resource folder /controller/src/main/resources
2023-03-15 16:51:07,154 [Worker-11: Importing Maven projects] INFO  o.e.m.j.i.AbstractJavaProjectConfigurator - Adding source folder /controller/src/test/java
2023-03-15 16:51:07,155 [Worker-11: Importing Maven projects] INFO  o.e.m.j.i.AbstractJavaProjectConfigurator - Adding resource folder /controller/src/test/resources
2023-03-15 16:51:07,590 [Worker-11: Importing Maven projects] INFO  o.e.m.c.i.p.ProjectConfigurationManager - Imported and configured 4 project(s) in 11 sec
2023-03-15 16:51:08,087 [Worker-11: Updating Maven Project] INFO  o.e.m.c.i.p.ProjectConfigurationManager - Update started
2023-03-15 16:51:10,263 [Worker-11: Updating Maven Project] INFO  o.e.m.c.i.l.LifecycleMappingFactory - Using org.eclipse.m2e.jdt.JarLifecycleMapping lifecycle mapping for MavenProject: com.huru:controller:0.0.1-SNAPSHOT @ C:\Users\Rishivendra Gupta\eclipse-workspace-project\admin\controller\pom.xml.
2023-03-15 16:51:10,725 [Worker-11: Updating Maven Project] INFO  o.e.m.c.i.p.WorkspaceClassifierResolverManager - Resolving P/service: com.huru:service:0.0.1-SNAPSHOT with classifier  to /service/target/classes
2023-03-15 16:51:10,727 [Worker-11: Updating Maven Project] INFO  o.e.m.c.i.p.WorkspaceClassifierResolverManager - Resolving P/repository: com.huru:repository:0.0.1-SNAPSHOT with classifier  to /repository/target/classes
2023-03-15 16:51:10,736 [Worker-11: Updating Maven Project] INFO  o.e.m.c.i.p.WorkspaceClassifierResolverManager - Resolving P/exceptionhandler: com.huru:exceptionhandler:0.0.1-SNAPSHOT with classifier  to /exceptionhandler/target/classes
2023-03-15 16:51:10,830 [Worker-11: Updating Maven Project] INFO  o.e.m.c.i.l.LifecycleMappingFactory - Using org.eclipse.m2e.jdt.JarLifecycleMapping lifecycle mapping for MavenProject: com.huru:exceptionhandler:0.0.1-SNAPSHOT @ C:\Users\Rishivendra Gupta\eclipse-workspace-project\admin\exceptionhandler\pom.xml.
2023-03-15 16:51:11,009 [Worker-11: Updating Maven Project] INFO  o.e.m.c.i.l.LifecycleMappingFactory - Using org.eclipse.m2e.jdt.JarLifecycleMapping lifecycle mapping for MavenProject: com.huru:repository:0.0.1-SNAPSHOT @ C:\Users\Rishivendra Gupta\eclipse-workspace-project\admin\repository\pom.xml.
2023-03-15 16:51:11,019 [Worker-11: Updating Maven Project] WARN  o.e.m.c.i.embedder.EclipseLogger - The artifact mysql:mysql-connector-java:jar:8.0.32 has been relocated to com.mysql:mysql-connector-j:jar:8.0.32: MySQL Connector/J artifacts moved to reverse-DNS compliant Maven 2+ coordinates.
2023-03-15 16:51:11,562 [Worker-11: Updating Maven Project] INFO  o.e.m.c.i.l.LifecycleMappingFactory - Using org.eclipse.m2e.jdt.JarLifecycleMapping lifecycle mapping for MavenProject: com.huru:service:0.0.1-SNAPSHOT @ C:\Users\Rishivendra Gupta\eclipse-workspace-project\admin\service\pom.xml.
2023-03-15 16:51:11,578 [Worker-11: Updating Maven Project] INFO  o.e.m.c.i.p.WorkspaceClassifierResolverManager - Resolving P/repository: com.huru:repository:0.0.1-SNAPSHOT with classifier  to /repository/target/classes
2023-03-15 16:51:11,587 [Worker-11: Updating Maven Project] INFO  o.e.m.c.i.p.WorkspaceClassifierResolverManager - Resolving P/exceptionhandler: com.huru:exceptionhandler:0.0.1-SNAPSHOT with classifier  to /exceptionhandler/target/classes
2023-03-15 16:51:13,394 [Worker-11: Updating Maven Project] INFO  o.e.m.j.i.AbstractJavaProjectConfigurator - Adding source folder /controller/src/main/java
2023-03-15 16:51:13,395 [Worker-11: Updating Maven Project] INFO  o.e.m.j.i.AbstractJavaProjectConfigurator - Adding resource folder /controller/src/main/resources
2023-03-15 16:51:13,395 [Worker-11: Updating Maven Project] INFO  o.e.m.j.i.AbstractJavaProjectConfigurator - Adding resource folder /controller/src/main/resources
2023-03-15 16:51:13,396 [Worker-11: Updating Maven Project] INFO  o.e.m.j.i.AbstractJavaProjectConfigurator - Adding source folder /controller/src/test/java
2023-03-15 16:51:13,397 [Worker-11: Updating Maven Project] INFO  o.e.m.j.i.AbstractJavaProjectConfigurator - Adding resource folder /controller/src/test/resources
2023-03-15 16:51:13,816 [Worker-11: Updating Maven Project] INFO  o.e.m.j.i.AbstractJavaProjectConfigurator - Adding source folder /exceptionhandler/src/main/java
2023-03-15 16:51:13,817 [Worker-11: Updating Maven Project] INFO  o.e.m.j.i.AbstractJavaProjectConfigurator - Adding resource folder /exceptionhandler/src/main/resources
2023-03-15 16:51:13,817 [Worker-11: Updating Maven Project] INFO  o.e.m.j.i.AbstractJavaProjectConfigurator - Adding resource folder /exceptionhandler/src/main/resources
2023-03-15 16:51:13,818 [Worker-11: Updating Maven Project] INFO  o.e.m.j.i.AbstractJavaProjectConfigurator - Adding source folder /exceptionhandler/src/test/java
2023-03-15 16:51:13,819 [Worker-11: Updating Maven Project] INFO  o.e.m.j.i.AbstractJavaProjectConfigurator - Adding resource folder /exceptionhandler/src/test/resources
2023-03-15 16:51:14,008 [Worker-11: Updating Maven Project] INFO  o.e.m.j.i.AbstractJavaProjectConfigurator - Adding source folder /repository/src/main/java
2023-03-15 16:51:14,009 [Worker-11: Updating Maven Project] INFO  o.e.m.j.i.AbstractJavaProjectConfigurator - Adding resource folder /repository/src/main/resources
2023-03-15 16:51:14,009 [Worker-11: Updating Maven Project] INFO  o.e.m.j.i.AbstractJavaProjectConfigurator - Adding resource folder /repository/src/main/resources
2023-03-15 16:51:14,010 [Worker-11: Updating Maven Project] INFO  o.e.m.j.i.AbstractJavaProjectConfigurator - Adding source folder /repository/src/test/java
2023-03-15 16:51:14,011 [Worker-11: Updating Maven Project] INFO  o.e.m.j.i.AbstractJavaProjectConfigurator - Adding resource folder /repository/src/test/resources
2023-03-15 16:51:14,260 [Worker-11: Updating Maven Project] INFO  o.e.m.j.i.AbstractJavaProjectConfigurator - Adding source folder /service/src/main/java
2023-03-15 16:51:14,261 [Worker-11: Updating Maven Project] INFO  o.e.m.j.i.AbstractJavaProjectConfigurator - Adding resource folder /service/src/main/resources
2023-03-15 16:51:14,261 [Worker-11: Updating Maven Project] INFO  o.e.m.j.i.AbstractJavaProjectConfigurator - Adding resource folder /service/src/main/resources
2023-03-15 16:51:14,284 [Worker-11: Updating Maven Project] INFO  o.e.m.j.i.AbstractJavaProjectConfigurator - Adding source folder /service/src/test/java
2023-03-15 16:51:14,285 [Worker-11: Updating Maven Project] INFO  o.e.m.j.i.AbstractJavaProjectConfigurator - Adding resource folder /service/src/test/resources
2023-03-15 16:51:15,008 [Worker-11: Updating Maven Project] INFO  o.e.m.c.i.p.ProjectConfigurationManager - Update completed for 4 poms: local refresh takes 0.00 sec, refresh facades takes 5.00 sec, update config takes 1.00 sec 
2023-03-15 16:51:15,676 [Worker-10: Building] INFO  o.a.m.s.f.DefaultMavenResourcesFiltering - Copying 0 resource
2023-03-15 16:51:15,677 [Worker-10: Building] INFO  o.a.m.s.f.DefaultMavenResourcesFiltering - Copying 0 resource
2023-03-15 16:51:15,684 [Worker-10: Building] INFO  o.a.m.s.f.DefaultMavenResourcesFiltering - Copying 0 resource
2023-03-15 16:51:16,380 [Worker-10: Building] INFO  o.a.m.s.f.DefaultMavenResourcesFiltering - Copying 1 resource
2023-03-15 16:51:16,436 [Worker-10: Building] INFO  o.a.m.s.f.DefaultMavenResourcesFiltering - Copying 0 resource
2023-03-15 16:51:16,441 [Worker-10: Building] INFO  o.a.m.s.f.DefaultMavenResourcesFiltering - Copying 0 resource
2023-03-15 16:51:16,707 [Worker-10: Building] INFO  o.a.m.s.f.DefaultMavenResourcesFiltering - Copying 0 resource
2023-03-15 16:51:16,708 [Worker-10: Building] INFO  o.a.m.s.f.DefaultMavenResourcesFiltering - Copying 0 resource
2023-03-15 16:51:16,713 [Worker-10: Building] INFO  o.a.m.s.f.DefaultMavenResourcesFiltering - Copying 0 resource
2023-03-15 16:51:16,939 [Worker-10: Building] INFO  o.a.m.s.f.DefaultMavenResourcesFiltering - Copying 0 resource
2023-03-15 16:51:16,940 [Worker-10: Building] INFO  o.a.m.s.f.DefaultMavenResourcesFiltering - Copying 0 resource
2023-03-15 16:51:16,945 [Worker-10: Building] INFO  o.a.m.s.f.DefaultMavenResourcesFiltering - Copying 0 resource
